<?xml version="1.0" encoding="UTF-8"?>
<testng-results skipped="0" failed="0" ignored="0" total="0" passed="0">
  <reporter-output>
  </reporter-output>
  <suite name="com.inmobi.panda.cache.LRUCacheTest" duration-ms="7" started-at="2017-06-28T20:07:33Z" finished-at="2017-06-28T20:07:33Z">
    <groups>
    </groups>
    <test name="Command line test" duration-ms="7" started-at="2017-06-28T20:07:33Z" finished-at="2017-06-28T20:07:33Z">
    </test> <!-- Command line test -->
  </suite> <!-- com.inmobi.panda.cache.LRUCacheTest -->
</testng-results>
